\BOOKMARK [1][-]{section.1}{Άσκηση 1}{}% 1
\BOOKMARK [2][-]{subsection.1.1}{Προεπεξεργασία}{section.1}% 2
\BOOKMARK [2][-]{subsection.1.2}{Διατύπωση αλγορίθμου}{section.1}% 3
\BOOKMARK [2][-]{subsection.1.3}{Ορθότητα αλγορίθμου}{section.1}% 4
\BOOKMARK [2][-]{subsection.1.4}{Υπολογιστική πολυπλοκότητα}{section.1}% 5
\BOOKMARK [1][-]{section.2}{Άσκηση 2}{}% 6
\BOOKMARK [2][-]{subsection.2.1}{\(α\)}{section.2}% 7
\BOOKMARK [2][-]{subsection.2.2}{\(β\)}{section.2}% 8
\BOOKMARK [1][-]{section.3}{Άσκηση 3}{}% 9
\BOOKMARK [2][-]{subsection.3.1}{\(α\)}{section.3}% 10
\BOOKMARK [3][-]{subsubsection.3.1.1}{Διατύπωση αλγορίθμου}{subsection.3.1}% 11
\BOOKMARK [3][-]{subsubsection.3.1.2}{Απόδειξη ορθότητας}{subsection.3.1}% 12
\BOOKMARK [3][-]{subsubsection.3.1.3}{Ανάλυση πολυπλοκότητας}{subsection.3.1}% 13
\BOOKMARK [2][-]{subsection.3.2}{\(β\)}{section.3}% 14
\BOOKMARK [3][-]{subsubsection.3.2.1}{Ανάλυση πολυπλοκότητας}{subsection.3.2}% 15
\BOOKMARK [1][-]{section.4}{Άσκηση 4}{}% 16
\BOOKMARK [2][-]{subsection.4.1}{Κατασκευή γράφου}{section.4}% 17
\BOOKMARK [2][-]{subsection.4.2}{Διατύπωση αλγορίθμου}{section.4}% 18
\BOOKMARK [2][-]{subsection.4.3}{Διατύπωση ορθότητας}{section.4}% 19
\BOOKMARK [2][-]{subsection.4.4}{Χρονική πολυπλοκότητα}{section.4}% 20
\BOOKMARK [3][-]{subsubsection.4.4.1}{Πολυπλοκότητα κατασκευής γράφου}{subsection.4.4}% 21
\BOOKMARK [3][-]{subsubsection.4.4.2}{Πολυπλοκότητα Edmonds-Karp}{subsection.4.4}% 22
\BOOKMARK [3][-]{subsubsection.4.4.3}{Πολυπλοκότητα Backtracking}{subsection.4.4}% 23
\BOOKMARK [3][-]{subsubsection.4.4.4}{Συνολική πολυπλοκότητα}{subsection.4.4}% 24
\BOOKMARK [1][-]{section.5}{Άσκηση 5}{}% 25
\BOOKMARK [2][-]{subsection.5.1}{3-Διαμέριση}{section.5}% 26
\BOOKMARK [2][-]{subsection.5.2}{Άθροισμα υποσυνόλου κατά προσέγγιση}{section.5}% 27
\BOOKMARK [2][-]{subsection.5.3}{Κύκλος Hamilton κατά Προσέγγιση}{section.5}% 28
\BOOKMARK [2][-]{subsection.5.4}{Ικανοποιησιμότητα με περιορισμούς}{section.5}% 29
\BOOKMARK [2][-]{subsection.5.5}{Επιλογή ανεξάρτητων υποσυνόλων}{section.5}% 30
