\BOOKMARK [1][-]{section.1}{Άσκηση 1}{}% 1
\BOOKMARK [2][-]{subsection.1.1}{}{section.1}% 2
\BOOKMARK [2][-]{subsection.1.2}{}{section.1}% 3
\BOOKMARK [1][-]{section.2}{Άσκηση 2}{}% 4
\BOOKMARK [2][-]{subsection.2.1}{}{section.2}% 5
\BOOKMARK [3][-]{subsubsection.2.1.1}{Μοντέλο}{subsection.2.1}% 6
\BOOKMARK [3][-]{subsubsection.2.1.2}{Όχι μοντέλο}{subsection.2.1}% 7
\BOOKMARK [2][-]{subsection.2.2}{}{section.2}% 8
\BOOKMARK [3][-]{subsubsection.2.2.1}{Μοντέλο}{subsection.2.2}% 9
\BOOKMARK [3][-]{subsubsection.2.2.2}{Όχι μοντέλο}{subsection.2.2}% 10
\BOOKMARK [1][-]{section.3}{Άσκηση 3}{}% 11
\BOOKMARK [2][-]{subsection.3.1}{}{section.3}% 12
\BOOKMARK [2][-]{subsection.3.2}{}{section.3}% 13
\BOOKMARK [2][-]{subsection.3.3}{}{section.3}% 14
\BOOKMARK [2][-]{subsection.3.4}{}{section.3}% 15
\BOOKMARK [2][-]{subsection.3.5}{}{section.3}% 16
\BOOKMARK [1][-]{section.4}{Άσκηση 4}{}% 17
\BOOKMARK [1][-]{section.5}{Άσκηση 5}{}% 18
\BOOKMARK [2][-]{subsection.5.1}{}{section.5}% 19
\BOOKMARK [2][-]{subsection.5.2}{}{section.5}% 20
\BOOKMARK [2][-]{subsection.5.3}{}{section.5}% 21
\BOOKMARK [2][-]{subsection.5.4}{}{section.5}% 22
\BOOKMARK [1][-]{section.6}{Άσκηση 6}{}% 23
\BOOKMARK [2][-]{subsection.6.1}{}{section.6}% 24
\BOOKMARK [2][-]{subsection.6.2}{}{section.6}% 25
\BOOKMARK [1][-]{section.7}{Βιβλιογραφία}{}% 26
